<?xml version="1.0" encoding="UTF-8"?>
<!-- Generated by org.testng.reporters.JUnitReportReporter -->
<testsuite hostname="pooja" failures="0" tests="1" name="testScript.ManageFooterText_Test" time="3.497" errors="0" timestamp="2025-04-24T18:06:10 IST" skipped="0">
  <testcase classname="testScript.ManageFooterText_Test" name="verifyUpdatingManageFooterText" time="3.497"/>
</testsuite> <!-- testScript.ManageFooterText_Test -->
