<?xml version="1.0" encoding="UTF-8"?>
<!-- Generated by org.testng.reporters.JUnitReportReporter -->
<testsuite hostname="pooja" failures="0" tests="1" name="testScript.Admin_Users" time="2.359" errors="0" timestamp="2025-05-06T13:32:08 IST" skipped="0">
  <testcase classname="testScript.Admin_Users" name="verifyAddingNewUserWithValidDetails" time="2.359"/>
</testsuite> <!-- testScript.Admin_Users -->
