<?xml version="1.0" encoding="UTF-8"?>
<!-- Generated by org.testng.reporters.JUnitReportReporter -->
<testsuite hostname="pooja" failures="0" tests="1" name="testScript.ManageContact_Test" time="3.889" errors="0" timestamp="2025-04-24T18:00:26 IST" skipped="0">
  <testcase classname="testScript.ManageContact_Test" name="verifyEditingContact" time="3.889"/>
</testsuite> <!-- testScript.ManageContact_Test -->
