<?xml version="1.0" encoding="UTF-8"?>
<!-- Generated by org.testng.reporters.JUnitReportReporter -->
<testsuite hostname="pooja" failures="0" tests="2" name="testScript.ManageCategory_Test" time="5.666" errors="0" timestamp="2025-04-28T14:59:12 IST" skipped="0">
  <testcase classname="testScript.ManageCategory_Test" name="verifyAddingAnewCategory" time="3.498"/>
  <testcase classname="testScript.ManageCategory_Test" name="verifyDeletingACategoryAdded" time="2.168"/>
</testsuite> <!-- testScript.ManageCategory_Test -->
