<?xml version="1.0" encoding="UTF-8"?>
<!-- Generated by org.testng.reporters.JUnitReportReporter -->
<testsuite hostname="pooja" failures="0" tests="6" name="testScript.Login_Test" time="9.728" errors="0" timestamp="2025-04-28T14:59:12 IST" skipped="0">
  <testcase classname="testScript.Login_Test" name="loginUsingValidCredentialsFromExcelsheet" time="2.243"/>
  <testcase classname="testScript.Login_Test" name="verifyLoginWithInvalidCredentials" time="1.280"/>
  <testcase classname="testScript.Login_Test" name="verifyLoginWithInvalidCredentials" time="1.503"/>
  <testcase classname="testScript.Login_Test" name="verifyUserLoginWithInvalidUsernameAndValidPassword" time="1.312"/>
  <testcase classname="testScript.Login_Test" name="loginUsingValidCredentials" time="1.618"/>
  <testcase classname="testScript.Login_Test" name="loginUsingValidUsernameAndInvalidPassword" time="1.772"/>
</testsuite> <!-- testScript.Login_Test -->
