<?xml version="1.0" encoding="UTF-8"?>
<!-- Generated by org.testng.reporters.JUnitReportReporter -->
<testsuite hostname="pooja" failures="0" tests="1" name="testScript.Log_Out" time="2.465" errors="0" timestamp="2025-04-28T14:59:12 IST" skipped="0">
  <testcase classname="testScript.Log_Out" name="verifyLogoutFunction" time="2.465"/>
</testsuite> <!-- testScript.Log_Out -->
