<?xml version="1.0" encoding="UTF-8"?>
<!-- Generated by org.testng.reporters.JUnitReportReporter -->
<testsuite hostname="pooja" failures="0" tests="1" name="testScript.ManageContact_Test" time="3.046" errors="0" timestamp="2025-05-06T13:32:08 IST" skipped="0">
  <testcase classname="testScript.ManageContact_Test" name="verifyEditingExistingContact" time="3.046"/>
</testsuite> <!-- testScript.ManageContact_Test -->
