<?xml version="1.0" encoding="UTF-8"?>
<!-- Generated by org.testng.reporters.JUnitReportReporter -->
<testsuite hostname="pooja" failures="0" tests="1" name="testScript.Manage_FooterText" time="3.220" errors="0" timestamp="2025-04-24T17:59:08 IST" skipped="0">
  <testcase classname="testScript.Manage_FooterText" name="verifyUpdatingManageFooterText" time="3.220"/>
</testsuite> <!-- testScript.Manage_FooterText -->
