<?xml version="1.0" encoding="UTF-8"?>
<!-- Generated by org.testng.reporters.JUnitReportReporter -->
<testsuite hostname="pooja" failures="0" tests="3" name="testScript.SubCategory_Test" time="8.178" errors="0" timestamp="2025-04-28T13:27:37 IST" skipped="0">
  <testcase classname="testScript.SubCategory_Test" name="verifyAddingNewSubcategoryWithValidDetails" time="2.446"/>
  <testcase classname="testScript.SubCategory_Test" name="verifyEditingASubcategoryAdded" time="3.580"/>
  <testcase classname="testScript.SubCategory_Test" name="verifySearchingExistingSubcategoryFromTheList" time="2.152"/>
</testsuite> <!-- testScript.SubCategory_Test -->
