<?xml version="1.0" encoding="UTF-8"?>
<!-- Generated by org.testng.reporters.JUnitReportReporter -->
<testsuite hostname="pooja" failures="0" tests="6" name="testScript.Login_Test" time="10.727" errors="0" timestamp="2025-05-06T13:32:08 IST" skipped="0">
  <testcase classname="testScript.Login_Test" name="loginUsingValidCredentialsFromExcelsheet" time="2.860"/>
  <testcase classname="testScript.Login_Test" name="verifyLoginWithInvalidCredentials" time="1.485"/>
  <testcase classname="testScript.Login_Test" name="verifyUserLoginWithInvalidUsernameAndValidPassword" time="1.456"/>
  <testcase classname="testScript.Login_Test" name="verifyLoginWithInvalidCredentials" time="1.366"/>
  <testcase classname="testScript.Login_Test" name="loginUsingValidUsernameAndInvalidPassword" time="1.785"/>
  <testcase classname="testScript.Login_Test" name="loginUsingValidCredentials" time="1.775"/>
</testsuite> <!-- testScript.Login_Test -->
