<?xml version="1.0" encoding="UTF-8"?>
<!-- Generated by org.testng.reporters.JUnitReportReporter -->
<testsuite hostname="pooja" failures="0" tests="1" name="testScript.Log_Out" time="1.719" errors="0" timestamp="2025-04-28T13:27:37 IST" skipped="0">
  <testcase classname="testScript.Log_Out" name="verifyLogoutFunction" time="1.719"/>
</testsuite> <!-- testScript.Log_Out -->
