<?xml version="1.0" encoding="UTF-8"?>
<!-- Generated by org.testng.reporters.JUnitReportReporter -->
<testsuite hostname="pooja" failures="0" tests="1" name="testScript.ManageContact_Test" time="2.693" errors="0" timestamp="2025-04-28T13:27:37 IST" skipped="0">
  <testcase classname="testScript.ManageContact_Test" name="verifyEditingExistingContact" time="2.693"/>
</testsuite> <!-- testScript.ManageContact_Test -->
