<?xml version="1.0" encoding="UTF-8"?>
<!-- Generated by org.testng.reporters.JUnitReportReporter -->
<testsuite hostname="pooja" failures="0" tests="1" name="testScript.ManageFooterText_Test" time="4.103" errors="0" timestamp="2025-04-28T14:59:12 IST" skipped="0">
  <testcase classname="testScript.ManageFooterText_Test" name="verifyUpdatingManageFooterText" time="4.103"/>
</testsuite> <!-- testScript.ManageFooterText_Test -->
