<?xml version="1.0" encoding="UTF-8"?>
<!-- Generated by org.testng.reporters.JUnitReportReporter -->
<testsuite hostname="pooja" failures="0" tests="1" name="testScript.Manage_Contact" time="3.769" errors="0" timestamp="2025-04-14T20:42:35 IST" skipped="0">
  <testcase classname="testScript.Manage_Contact" name="verifyEditingContact" time="3.769"/>
</testsuite> <!-- testScript.Manage_Contact -->
