<?xml version="1.0" encoding="UTF-8"?>
<!-- Generated by org.testng.reporters.JUnitReportReporter -->
<testsuite hostname="pooja" failures="0" tests="1" name="testScript.ManageCategory_Test" time="3.284" errors="0" timestamp="2025-04-24T18:00:14 IST" skipped="0">
  <testcase classname="testScript.ManageCategory_Test" name="verifyDeletingACategoryAddedAfterSearching" time="3.284"/>
</testsuite> <!-- testScript.ManageCategory_Test -->
