<?xml version="1.0" encoding="UTF-8"?>
<!-- Generated by org.testng.reporters.JUnitReportReporter -->
<testsuite hostname="pooja" failures="0" tests="1" name="testScript.Admin_Users" time="3.232" errors="0" timestamp="2025-04-28T13:27:37 IST" skipped="0">
  <testcase classname="testScript.Admin_Users" name="verifyAddingNewUserWithValidDetails" time="3.232"/>
</testsuite> <!-- testScript.Admin_Users -->
