<?xml version="1.0" encoding="UTF-8"?>
<!-- Generated by org.testng.reporters.JUnitReportReporter -->
<testsuite hostname="pooja" failures="0" tests="1" name="testScript.Admin_Users" time="3.764" errors="0" timestamp="2025-04-24T13:11:48 IST" skipped="0">
  <testcase classname="testScript.Admin_Users" name="VerifyAddingNewUser" time="3.764"/>
</testsuite> <!-- testScript.Admin_Users -->
