<?xml version="1.0" encoding="UTF-8"?>
<!-- Generated by org.testng.reporters.JUnitReportReporter -->
<testsuite hostname="pooja" failures="0" tests="2" name="testScript.ManageCategory_Test" time="4.844" errors="0" timestamp="2025-05-06T13:32:08 IST" skipped="0">
  <testcase classname="testScript.ManageCategory_Test" name="verifyAddingAnewCategory" time="2.796"/>
  <testcase classname="testScript.ManageCategory_Test" name="verifyDeletingACategoryAdded" time="2.048"/>
</testsuite> <!-- testScript.ManageCategory_Test -->
