<?xml version="1.0" encoding="UTF-8"?>
<!-- Generated by org.testng.reporters.JUnitReportReporter -->
<testsuite hostname="pooja" failures="0" tests="1" name="testScript.ManageFooterText_Test" time="2.467" errors="0" timestamp="2025-04-28T13:27:37 IST" skipped="0">
  <testcase classname="testScript.ManageFooterText_Test" name="verifyUpdatingManageFooterText" time="2.467"/>
</testsuite> <!-- testScript.ManageFooterText_Test -->
