<?xml version="1.0" encoding="UTF-8"?>
<!-- Generated by org.testng.reporters.JUnitReportReporter -->
<testsuite hostname="pooja" failures="0" tests="3" name="testScript.SubCategory_Test" time="9.734" errors="0" timestamp="2025-04-28T14:59:12 IST" skipped="0">
  <testcase classname="testScript.SubCategory_Test" name="verifySearchingExistingSubcategoryFromTheList" time="2.898"/>
  <testcase classname="testScript.SubCategory_Test" name="verifyAddingNewSubcategoryWithValidDetails" time="3.659"/>
  <testcase classname="testScript.SubCategory_Test" name="verifyEditingASubcategoryAdded" time="3.177"/>
</testsuite> <!-- testScript.SubCategory_Test -->
