<?xml version="1.0" encoding="UTF-8"?>
<!-- Generated by org.testng.reporters.JUnitReportReporter -->
<testsuite hostname="pooja" failures="0" tests="1" name="testScript.Admin_Users" time="2.501" errors="0" timestamp="2025-04-28T14:59:12 IST" skipped="0">
  <testcase classname="testScript.Admin_Users" name="verifyAddingNewUserWithValidDetails" time="2.501"/>
</testsuite> <!-- testScript.Admin_Users -->
