<?xml version="1.0" encoding="UTF-8"?>
<!-- Generated by org.testng.reporters.JUnitReportReporter -->
<testsuite hostname="pooja" failures="0" tests="5" name="testScript.SubCategory_Test" time="14.551" errors="0" timestamp="2025-05-06T13:32:08 IST" skipped="2">
  <testcase classname="testScript.SubCategory_Test" name="verifyEditingASubcategoryAdded" time="3.931"/>
  <testcase classname="testScript.SubCategory_Test" name="verifySearchingExistingSubcategoryFromTheList" time="2.542">
    <skipped/>
  </testcase> <!-- verifySearchingExistingSubcategoryFromTheList -->
  <testcase classname="testScript.SubCategory_Test" name="verifyAddingNewSubcategoryWithValidDetails" time="2.898"/>
  <testcase classname="testScript.SubCategory_Test" name="verifySearchingExistingSubcategoryFromTheList" time="2.507"/>
  <testcase classname="testScript.SubCategory_Test" name="verifySearchingExistingSubcategoryFromTheList" time="2.673">
    <skipped/>
  </testcase> <!-- verifySearchingExistingSubcategoryFromTheList -->
</testsuite> <!-- testScript.SubCategory_Test -->
