<?xml version="1.0" encoding="UTF-8"?>
<!-- Generated by org.testng.reporters.JUnitReportReporter -->
<testsuite hostname="pooja" failures="0" tests="6" name="testScript.Login_Test" time="9.913" errors="0" timestamp="2025-04-28T13:27:37 IST" skipped="0">
  <testcase classname="testScript.Login_Test" name="verifyLoginWithInvalidCredentials" time="1.254"/>
  <testcase classname="testScript.Login_Test" name="loginUsingValidCredentialsFromExcelsheet" time="2.327"/>
  <testcase classname="testScript.Login_Test" name="verifyUserLoginWithInvalidUsernameAndValidPassword" time="1.483"/>
  <testcase classname="testScript.Login_Test" name="loginUsingValidUsernameAndInvalidPassword" time="1.732"/>
  <testcase classname="testScript.Login_Test" name="verifyLoginWithInvalidCredentials" time="1.603"/>
  <testcase classname="testScript.Login_Test" name="loginUsingValidCredentials" time="1.514"/>
</testsuite> <!-- testScript.Login_Test -->
