<?xml version="1.0" encoding="UTF-8"?>
<!-- Generated by org.testng.reporters.JUnitReportReporter -->
<testsuite hostname="pooja" failures="0" tests="1" name="testScript.Manage_Category" time="3.338" errors="0" timestamp="2025-04-17T14:01:57 IST" skipped="0">
  <testcase classname="testScript.Manage_Category" name="verifyDeletingACategoryAddedAfterSearching" time="3.338"/>
</testsuite> <!-- testScript.Manage_Category -->
