<?xml version="1.0" encoding="UTF-8"?>
<!-- Generated by org.testng.reporters.JUnitReportReporter -->
<testsuite hostname="pooja" failures="0" tests="6" name="testScript.Login_Test" time="10.339" errors="0" timestamp="2025-04-23T18:09:11 IST" skipped="0">
  <testcase classname="testScript.Login_Test" name="loginUsingValidCredentialsFromExcelsheet" time="2.700"/>
  <testcase classname="testScript.Login_Test" name="verifyLoginWithInvalidCredentials" time="1.352"/>
  <testcase classname="testScript.Login_Test" name="verifyUserLoginWithInvalidUsernameAndValidPassword" time="1.323"/>
  <testcase classname="testScript.Login_Test" name="loginUsingValidCredentials" time="2.310"/>
  <testcase classname="testScript.Login_Test" name="loginUsingValidUsernameAndInvalidPassword" time="1.359"/>
  <testcase classname="testScript.Login_Test" name="verifyLoginWithInvalidCredentials" time="1.295"/>
</testsuite> <!-- testScript.Login_Test -->
